E:\Bk-2020-02-15\Работа\Программирование\ХД-13\GNU\Bin\Data\!17.ekb
E:\Bk-2020-02-15\Работа\Программирование\ХД-13\GNU\Bin\Data\e26.ekb
E:\Bk-2020-02-15\Работа\Программирование\ХД-13\GNU\Bin\Data\flood_hazard_v2.ekb
E:\Bk-2020-02-15\Работа\Программирование\ХД-13\GNU\Bin\Data\5.ekb
E:\Bk-2020-02-15\Работа\Программирование\ХД-13\GNU\Bin\Data\Fuzzy\-lab4_eng.ekb
E:\Bk-2020-02-15\Работа\Программирование\ХД-13\GNU\Bin\Data\e23\advei_2020.11.22.ekb
E:\Bk-2020-02-15\Работа\Программирование\ХД-13\GNU\Bin\Data\ИТАМС-20-1.ekb
E:\Bk-2020-02-15\Работа\Программирование\ХД-13\GNU\Bin\Data\ISICA2019+.ekb
E:\Bk-2020-02-15\Работа\Программирование\ХД-13\GNU\Bin\Data\Sibircon-19.ekb
E:\Bk-2020-02-15\Работа\Программирование\ХД-13\GNU\Bin\Data\dasha9.ekb
E:\Bk-2020-02-15\Работа\Программирование\ХД-13\GNU\Bin\Data\9 Лифантьева.ekb
E:\Bk-2020-02-15\Работа\Программирование\ХД-13\GNU\Bin\Data\9 Лескина.ekb
E:\Bk-2020-02-15\Работа\Программирование\ХД-13\GNU\Bin\Data\Angina.ekb
E:\Bk-2020-02-15\Работа\Программирование\ХД-13\GNU\Bin\Data\Urozhay.ekb
E:\Bk-2020-02-15\Работа\Программирование\ХД-13\GNU\Bin\Data\Fuzzy\lab4_eng.ekb
E:\Bk-2020-02-15\Работа\Программирование\ХД-13\GNU\Bin\Data\mdis-2020-1.ekb
E:\Bk-2020-02-15\Работа\Программирование\ХД-13\GNU\Bin\Data\dexa-20-1.ekb
E:\Bk-2020-02-15\Работа\Программирование\ХД-13\GNU\Bin\Data\HRR-fear3.ekb
E:\Bk-2020-02-15\Работа\Программирование\ХД-13\GNU\Bin\Data\2e12.ekb
D:\Bk-2020-02-15\Работа\Программирование\ХД-13\GNU\Bin\Data\9 Лескина.ekb
D:\Bk-2020-02-15\Работа\Программирование\ХД-13\GNU\Bin\Data\2e12.ekb
D:\Bk-2020-02-15\Работа\Программирование\ХД-13\GNU\Bin\Data\!17.ekb
D:\Bk-2020-02-15\Работа\Программирование\ХД-13\GNU\Bin\Data\ISICA2019.ekb
D:\Bk-2020-02-15\Работа\Программирование\ХД-13\GNU\Bin\Data\e26.ekb
D:\Bk-2020-02-15\Работа\Программирование\ХД-13\GNU\Bin\Data\dexa-20-1.ekb
D:\Bk-2020-02-15\Работа\Программирование\ХД-13\GNU\Bin\Data\111.ekb
D:\Bk-2020-02-15\Работа\Программирование\ХД-13\GNU\Bin\Data\5.ekb
D:\Bk-2020-02-15\Работа\Программирование\ХД-13\GNU\Bin\Data\2e1.ekb
D:\Bk-2020-02-15\Работа\Программирование\ХД-13\GNU\Bin\Data\1.ekb
D:\Bk-2020-02-15\Работа\Программирование\ХД-13\GNU\Bin\Data\Urozhay.ekb
D:\Bk-2020-02-15\Работа\Программирование\ХД-13\GNU\Bin\Data\ИТАМС-20-1.ekb
D:\Bk-2020-02-15\Работа\Программирование\ХД-13\GNU\Bin\Data\e23\122-12.ekb
D:\Bk-2020-02-15\Работа\Программирование\ХД-13\GNU\Bin\Data\e23\10-45.ekb
D:\Bk-2020-02-15\Работа\Программирование\ХД-13\GNU\Bin\Data\e23\e23-full.ekb
D:\Bk-2020-02-15\Работа\Программирование\ХД-13\GNU\Bin\Data\HRR-fear3.ekb

D:\Bk-2020-02-15\Работа\Программирование\ХД-13\GNU\Bin\Data\34\04.ekb
D:\Bk-2020-02-15\Работа\Программирование\ХД-13\GNU\Bin\Data\34\09.ekb
D:\Bk-2020-02-15\Работа\Программирование\ХД-13\GNU\Bin\Data\34\12.ekb
D:\Bk-2020-02-15\Работа\Программирование\ХД-13\GNU\Bin\Data\34\15.ekb
D:\Bk-2020-02-15\Работа\Программирование\ХД-13\GNU\Bin\Data\34\18.ekb
D:\Bk-2020-02-15\Работа\Программирование\ХД-13\GNU\Bin\Data\34\07.ekb
D:\Bk-2020-02-15\Работа\Программирование\ХД-13\GNU\Bin\Data\34\02.ekb
D:\Bk-2020-02-15\Работа\Программирование\ХД-13\GNU\Bin\Data\34\01.ekb
D:\Bk-2020-02-15\Работа\Программирование\ХД-13\GNU\Bin\Data\HRR-fear2.ekb
D:\Bk-2020-02-15\Работа\Программирование\ХД-13\GNU\Bin\Data\HRR-fear1.ekb
D:\Bk-2020-02-15\Работа\Программирование\ХД-13\GNU\Bin\Data\HRR-fear.ekb
D:\Bk-2015-05-09\Работа\Программирование\ХД-13\GNU\Bin\Data\php_test.ekb
D:\Bk-2015-05-09\Работа\Программирование\ХД-13\GNU\Bin\Data\Urozhay.ekb
D:\Bk-2015-05-09\Работа\Программирование\ХД-13\GNU\Bin\Data\test2.ekb
D:\Bk-2015-05-09\Работа\Программирование\ХД-13\GNU\Bin\Data\isi-m.ekb
D:\Bk-2015-05-09\Работа\Программирование\ХД-13\GNU\Bin\Data\ISICA2019+.ekb
D:\Bk-2015-05-09\Работа\Программирование\ХД-13\GNU\Bin\Data\Angina.ekb
D:\Bk-2015-05-09\Работа\Программирование\ХД-13\GNU\Bin\Data\1.ekb
D:\Bk-2015-05-09\Работа\Программирование\ХД-13\GNU\Bin\Data\dasha9.ekb
D:\Bk-2015-05-09\Работа\Программирование\ХД-13\GNU\Bin\Data\Sibircon-19.ekb
D:\Bk-2015-05-09\Работа\Программирование\ХД-13\GNU\Bin\Data\2e1.ekb
D:\Bk-2015-05-09\Работа\Программирование\ХД-13\GNU\Bin\Data\9 Лескина.ekb
D:\Bk-2015-05-09\Работа\Программирование\ХД-13\GNU\Bin\Data\php.ekb
D:\Bk-2015-05-09\Работа\Программирование\ХД-13\GNU\Bin\Data\2e12.ekb
D:\Bk-2015-05-09\Работа\Программирование\ХД-13\GNU\Bin\Data\5.ekb
D:\Bk-2015-05-09\Работа\Программирование\ХД-13\GNU\Bin\Data\!17.ekb
D:\Bk-2015-05-09\Работа\Программирование\ХД-13\Bin\Data\лаб51.ekb
D:\Bk-2015-05-09\Работа\Программирование\ХД-13\Bin\Data\17\17.ekb
D:\Bk-2015-05-09\Работа\Программирование\ХД-13\GNU\Bin\Data\111.ekb
D:\Bk-2015-05-09\Работа\Программирование\ХД-13\Bin\Data\17\!17.ekb
D:\Bk-2015-05-09\Работа\Идсту\Статьи, конференции, книги\MDIS2019\MDIS_Data\F1 137-17.csv
D:\Bk-2015-05-09\Работа\Программирование\ХД-13\Bin\Models\ExSys\1\lab4_eng.ekb
D:\Bk-2015-05-09\Работа\Программирование\ХД-13\Bin\Models\ExSys\2\lab4.ekb
D:\Bk-2015-05-09\Работа\Программирование\ХД-13\Bin\Data\ДП.ekb
D:\Bk-2015-05-09\Работа\Программирование\ХД-13\Bin\Models\OSP\lab4_eng+.ekb
D:\Bk-2015-05-09\Работа\Программирование\ХД-13\Bin\Data\БЗ2.ekb
D:\Bk-2015-05-09\Работа\Программирование\ХД-13\Bin\Data\Новая папка\BD.ekb
D:\Bk-2015-05-09\Работа\Программирование\ХД-13\Bin\Data\Новая папка\Select.ekb
D:\Bk-2015-05-09\Работа\Программирование\ХД-13\Bin\Data\Новая папка\lab5.ekb
D:\Bk-2015-05-09\Работа\Программирование\ХД-13\GNU\Bin\Data\ISICA2019.ekb
D:\Bk-2015-05-09\Работа\Программирование\ХД-13\Bin\Data\ЗОНТ-2017.ekb
D:\Bk-2015-05-09\Работа\Программирование\ХД-13\Bin\Data\2e1!.ekb
D:\Bk-2015-05-09\Работа\Программирование\ХД-13\Bin\Data\5_Hodenkov.ekb
D:\Bk-2015-05-09\Работа\Программирование\ХД-13\Bin\Data\17\+17.ekb
D:\Bk-2015-05-09\Работа\Программирование\ХД-13\Bin - GNU\Data\2e1.ekb
D:\Bk-2015-05-09\Работа\Программирование\ХД-13\Bin - GNU\Data\5.ekb
D:\Bk-2015-05-09\Работа\Программирование\ХД-13\Bin - GNU\Data\6.ekb
D:\Bk-2015-05-09\Работа\Программирование\ХД-13\Bin - GNU\Data\mY.ekb
D:\Bk-2015-05-09\Работа\Программирование\ХД-13\Bin - GNU\Data\test2.ekb
D:\Bk-2015-05-09\Работа\Программирование\ХД-13\Bin - GNU\Data\!17.ekb
D:\Bk-2015-05-09\Работа\Программирование\ХД-13\Bin\Data\7 Гаращенко.ekb
D:\Bk-2015-05-09\Работа\Программирование\ХД-13\Bin - GNU\Data\test3.ekb
D:\Bk-2015-05-09\Работа\Программирование\ХД-13\Bin\Data\1.ekb
D:\Bk-2015-05-09\Работа\Программирование\ХД-13\Bin\Data\!76.EKB
D:\Bk-2015-05-09\Работа\Программирование\ХД-13\Bin\Data\!3.EKB
D:\Bk-2015-05-09\Работа\Программирование\ХД-13\Bin\Data\2.ekb
D:\Bk-2015-05-09\Работа\Программирование\ХД-13\Bin\Data\2e1.ekb
D:\Bk-2015-05-09\Работа\Программирование\ХД-13\Bin\Data\ППС\ППс-17.ekb
C:\Temp\333\444\2018\7лб Верхотурова.ekb
D:\Bk-2015-05-09\Работа\Программирование\ХД-13\Bin\Data\КИИ-18\mY.ekb
D:\Bk-2015-05-09\Работа\Программирование\ХД-13\Bin\Data\САИТ\лаб5.ekb
D:\Bk-2015-05-09\Работа\Программирование\ХД-13\Bin\Data\8.ekb
D:\Bk-2015-05-09\Работа\Программирование\ХД-13\Bin\Data\9.ekb
D:\Bk-2015-05-09\Работа\Программирование\ХД-13\Bin\Data\RPC-2017.ekb
D:\Bk-2015-05-09\Работа\Программирование\ХД-13\Bin\Data\ЗОНТ.ekb
D:\Bk-2015-05-09\Работа\Программирование\ХД-13\Bin\Data\16\01.ekb
D:\Bk-2015-05-09\Работа\Программирование\ХД-13\Bin\Data\cbr\plants.ekb
D:\Bk-2015-05-09\Работа\Программирование\ХД-13\Bin\Data\наумов_лаб5_case_база знаний.ekb
D:\Bk-2015-05-09\Работа\Программирование\ХД-13\Bin\Models\ExSys\1\lab4.ekb
D:\Bk-2015-05-09\Работа\Программирование\ХД-13\Bin\Models\ExSys\3\harvest.ekb
D:\Bk-2015-05-09\Работа\Программирование\ХД-13\Bin\Data\Новая папка\plants.ekb
D:\Bk-2015-05-09\Работа\Программирование\ХД-13\Bin\Data\Новая папка\5.ekb
D:\Bk-2015-05-09\Работа\Программирование\ХД-13\Bin\Data\САИТ\лаб5+.ekb
D:\Bk-2015-05-09\Работа\Программирование\ХД-13\Bin\Data\лаб5.ekb
D:\Bk-2015-05-09\Работа\Программирование\ХД-13\Bin\Data\16\18.ekb
D:\Bk-2015-05-09\Работа\Программирование\ХД-13\Bin\Data\2\!5 Ступин.ekb
D:\Bk-2015-05-09\Работа\Программирование\ХД-13\Bin\Data\2\5 ¦бTВTГ¦¬¦¬¦-.ekb
D:\Bk-2015-05-09\Работа\Программирование\ХД-13\Bin\Data\2\¦ЯTА¦¬¦-¦¦TА.ekb
D:\Bk-2015-05-09\Работа\Программирование\ХД-13\Bin\Data\test.ekb
D:\Bk-2015-05-09\Работа\Программирование\ХД-13\Bin\Data\лаб512.ekb
D:\Bk-2015-05-09\Работа\Программирование\ХД-13\Bin\Data\test31.ekb
D:\Bk-2015-05-09\Работа\Программирование\ХД-13\Bin\Data\test 56.ekb
D:\Bk-2015-05-09\Работа\Программирование\ХД-13\Bin\24838840250_P001.ekb
D:\Bk-2015-05-09\Работа\Программирование\ХД-13\Bin\Data\stepanov_lab5.ekb
D:\Bk-2015-05-09\Работа\Программирование\ХД-13\Bin\Data\6.ekb
